2021-06-06 13:05:52   INFO [RegistrationTests:32  ] : Open URL - http://automationpractice.com
2021-06-06 13:05:54   INFO [RegistrationTests:34  ] : Click on 'Sign in'
2021-06-06 13:05:54   INFO [RegistrationTests:36  ] : Enter email
2021-06-06 13:05:54   INFO [RegistrationTests:38  ] : Click on 'Submit'
2021-06-06 13:05:56   INFO [RegistrationTests:41  ] : Choose title 'Mr'
2021-06-06 13:05:56   INFO [RegistrationTests:43  ] : Enter First Name
2021-06-06 13:05:56   INFO [RegistrationTests:45  ] : Enter Last Name
2021-06-06 13:05:56   INFO [RegistrationTests:47  ] : Input email
2021-06-06 13:05:56   INFO [RegistrationTests:49  ] : Input password
2021-06-06 13:05:56   INFO [RegistrationTests:51  ] : Choose 'Sign up for our newsletter!'
2021-06-06 13:05:56   INFO [RegistrationTests:53  ] : Choose 'Receive special offers from our partners!'
2021-06-06 13:29:00   INFO [RegistrationTests:33  ] : Open URL - http://automationpractice.com
2021-06-06 13:29:02   INFO [RegistrationTests:35  ] : Click on 'Sign in'
2021-06-06 13:29:02   INFO [RegistrationTests:37  ] : Enter email
2021-06-06 13:29:03   INFO [RegistrationTests:39  ] : Click on 'Submit'
2021-06-06 13:29:04   INFO [RegistrationTests:42  ] : Choose title 'Mr'
2021-06-06 13:29:04   INFO [RegistrationTests:44  ] : Enter First Name
2021-06-06 13:29:04   INFO [RegistrationTests:46  ] : Enter Last Name
2021-06-06 13:29:04   INFO [RegistrationTests:51  ] : Input email
2021-06-06 13:29:04   INFO [RegistrationTests:54  ] : Input password
2021-06-06 13:29:04   INFO [RegistrationTests:56  ] : Choose 'Sign up for our newsletter!'
2021-06-06 13:29:05   INFO [RegistrationTests:58  ] : Choose 'Receive special offers from our partners!'
2021-06-06 13:45:57   INFO [RegistrationTests:33  ] : Open URL - http://automationpractice.com
2021-06-06 13:45:59   INFO [RegistrationTests:35  ] : Click on 'Sign in'
2021-06-06 13:45:59   INFO [RegistrationTests:37  ] : Enter email
2021-06-06 13:45:59   INFO [RegistrationTests:39  ] : Click on 'Submit'
2021-06-06 13:46:03   INFO [RegistrationTests:42  ] : Choose title 'Mr'
2021-06-06 13:46:03   INFO [RegistrationTests:44  ] : Enter First Name
2021-06-06 13:46:03   INFO [RegistrationTests:46  ] : Enter Last Name
2021-06-06 13:46:03   INFO [RegistrationTests:51  ] : Input email
2021-06-06 13:46:03   INFO [RegistrationTests:54  ] : Input password
2021-06-06 13:46:03   INFO [RegistrationTests:56  ] : Choose 'Sign up for our newsletter!'
2021-06-06 13:46:03   INFO [RegistrationTests:58  ] : Choose 'Receive special offers from our partners!'
2021-06-06 13:53:48   INFO [RegistrationTests:33  ] : Open URL - http://automationpractice.com
2021-06-06 13:53:50   INFO [RegistrationTests:35  ] : Click on 'Sign in'
2021-06-06 13:53:50   INFO [RegistrationTests:37  ] : Enter email
2021-06-06 13:53:51   INFO [RegistrationTests:39  ] : Click on 'Submit'
2021-06-06 13:53:52   INFO [RegistrationTests:42  ] : Choose title 'Mr'
2021-06-06 13:53:52   INFO [RegistrationTests:44  ] : Enter First Name
2021-06-06 13:53:52   INFO [RegistrationTests:46  ] : Enter Last Name
2021-06-06 13:53:52   INFO [RegistrationTests:55  ] : Input email
2021-06-06 13:53:52   INFO [RegistrationTests:58  ] : Input password
2021-06-06 13:53:53   INFO [RegistrationTests:60  ] : Choose 'Sign up for our newsletter!'
2021-06-06 13:53:53   INFO [RegistrationTests:62  ] : Choose 'Receive special offers from our partners!'
2021-06-06 13:53:53   INFO [RegistrationTests:67  ] : Enter First Name
2021-06-06 13:53:53   INFO [RegistrationTests:70  ] : Enter Last Name
2021-06-06 13:53:53   INFO [RegistrationTests:72  ] : Enter Address
2021-06-06 13:53:53   INFO [RegistrationTests:74  ] : Enter City
2021-06-06 13:53:53   INFO [RegistrationTests:79  ] : Select State
2021-06-06 13:53:53   INFO [RegistrationTests:81  ] : Input Post code
2021-06-06 13:53:53   INFO [RegistrationTests:84  ] : Select Country
2021-06-06 13:53:53   INFO [RegistrationTests:86  ] : Enter phone number
2021-06-06 13:53:53   INFO [RegistrationTests:89  ] : Enter alias
2021-06-06 13:53:56   INFO [RegistrationTests:91  ] : Click on Submit
2021-06-06 13:53:56   INFO [RegistrationTests:93  ] : Verify if account created
2021-14-06 10:06:41   INFO [GoogleTest:28  ] : Open URL - https://google.com
2021-14-06 10:06:41   INFO [GoogleTest:50  ] : Enter prog.kiev.ua in a search field
2021-14-06 10:06:45   INFO [GoogleTest:52  ] : Click on 'Google Search' button
2021-14-06 10:06:45   INFO [GoogleTest:40  ] : Clear cookies
2021-14-06 10:06:45   INFO [GoogleTest:42  ] : Close browser
2021-14-06 10:33:16  ERROR [GoogleTest:30  ] : Can't open browser
2021-14-06 10:33:40   INFO [GoogleTest:28  ] : Open URL - https://google.com
2021-14-06 10:33:40   INFO [GoogleTest:50  ] : Enter 'assert junit 4' in a search field
2021-14-06 10:33:41   INFO [GoogleTest:52  ] : Click on 'Google Search' button
2021-14-06 10:33:51   INFO [GoogleTest:40  ] : Clear cookies
2021-14-06 10:33:51   INFO [GoogleTest:42  ] : Close browser
2021-14-06 10:47:05   INFO [GoogleTest:28  ] : Open URL - https://google.com
2021-14-06 10:47:05   INFO [GoogleTest:50  ] : Enter 'assert junit 4' in a search field
2021-14-06 10:47:07   INFO [GoogleTest:52  ] : Click on 'Google Search' button
2021-14-06 10:47:17   INFO [GoogleTest:40  ] : Clear cookies
2021-14-06 10:47:18   INFO [GoogleTest:42  ] : Close browser
2021-14-06 10:48:27   INFO [GoogleTest:28  ] : Open URL - https://google.com
2021-14-06 10:48:27   INFO [GoogleTest:50  ] : Enter 'assert junit 4' in a search field
2021-14-06 10:48:30   INFO [GoogleTest:52  ] : Click on 'Google Search' button
2021-14-06 10:48:30   INFO [GoogleTest:40  ] : Clear cookies
2021-14-06 10:48:30   INFO [GoogleTest:42  ] : Close browser
2021-14-06 10:49:42   INFO [GoogleTest:28  ] : Open URL - https://google.com
2021-14-06 10:49:42   INFO [GoogleTest:50  ] : Enter 'assert junit 4' in a search field
2021-14-06 10:49:44   INFO [GoogleTest:52  ] : Click on 'Google Search' button
2021-14-06 10:49:44   INFO [GoogleTest:40  ] : Clear cookies
2021-14-06 10:49:44   INFO [GoogleTest:42  ] : Close browser
2021-14-06 10:52:04   INFO [GoogleTest:28  ] : Open URL - https://google.com
2021-14-06 10:52:04   INFO [GoogleTest:50  ] : Enter 'assert junit 4' in a search field
2021-14-06 10:52:07   INFO [GoogleTest:52  ] : Click on 'Google Search' button
2021-14-06 10:52:07   INFO [GoogleTest:56  ] : Header in first search link equals 'Assert (JUnit API)'
2021-14-06 10:52:07   INFO [GoogleTest:40  ] : Clear cookies
2021-14-06 10:52:07   INFO [GoogleTest:42  ] : Close browser
2021-14-06 10:52:27   INFO [GoogleTest:28  ] : Open URL - https://google.com
2021-14-06 10:52:27   INFO [GoogleTest:50  ] : Enter 'assert junit 4' in a search field
2021-14-06 10:52:30   INFO [GoogleTest:52  ] : Click on 'Google Search' button
2021-14-06 10:52:30   INFO [GoogleTest:40  ] : Clear cookies
2021-14-06 10:52:30   INFO [GoogleTest:42  ] : Close browser
2021-14-06 10:52:55   INFO [GoogleTest:28  ] : Open URL - https://google.com
2021-14-06 10:52:55   INFO [GoogleTest:50  ] : Enter 'assert junit 4' in a search field
2021-14-06 10:52:58   INFO [GoogleTest:52  ] : Click on 'Google Search' button
2021-14-06 10:52:58   INFO [GoogleTest:56  ] : Header in first search link equals 'Assert (JUnit API)'
2021-14-06 10:52:58   INFO [GoogleTest:40  ] : Clear cookies
2021-14-06 10:52:58   INFO [GoogleTest:42  ] : Close browser
2021-14-06 12:18:31   INFO [GoogleTest:28  ] : Open URL - https://google.com
2021-14-06 12:18:32   INFO [GoogleTest:50  ] : Enter 'assert junit 4' in a search field
2021-14-06 12:18:34   INFO [GoogleTest:52  ] : Click on 'Google Search' button
2021-14-06 12:18:34   INFO [GoogleTest:56  ] : Header in first search link equals 'Assert (JUnit API)'
2021-14-06 12:18:34   INFO [GoogleTest:40  ] : Clear cookies
2021-14-06 12:18:34   INFO [GoogleTest:42  ] : Close browser
2021-14-06 12:19:26   INFO [GoogleTest:28  ] : Open URL - https://google.com
2021-14-06 12:19:26   INFO [GoogleTest:50  ] : Enter 'assert junit 4' in a search field
2021-14-06 12:19:29   INFO [GoogleTest:52  ] : Click on 'Google Search' button
2021-14-06 12:19:29   INFO [GoogleTest:56  ] : Header in first search link is: 'Assert (JUnit API)'
2021-14-06 12:19:29   INFO [GoogleTest:40  ] : Clear cookies
2021-14-06 12:19:29   INFO [GoogleTest:42  ] : Close browser
2021-14-06 12:21:19   INFO [GoogleTest:28  ] : Open URL - https://google.com
2021-14-06 12:21:19   INFO [GoogleTest:50  ] : Enter 'assert junit 4' in a search field
2021-14-06 12:21:22   INFO [GoogleTest:52  ] : Click on 'Google Search' button
2021-14-06 12:21:22   INFO [GoogleTest:56  ] : Header in the first search result: 'Assert (JUnit API)'
2021-14-06 12:21:22   INFO [GoogleTest:60  ] : Link in the first search result: https://junit.org/junit4/javadoc/4.8/org/junit/Assert.html
2021-14-06 12:21:22   INFO [GoogleTest:40  ] : Clear cookies
2021-14-06 12:21:22   INFO [GoogleTest:42  ] : Close browser
2021-19-06 20:57:23   INFO [RegistrationTests:44  ] : Open URL - http://automationpractice.com
2021-19-06 20:57:24   INFO [RegistrationPage:25  ] : Page was openedhttp://automationpractice.com/index.php?controller=authentication&back=my-account
2021-19-06 20:57:27   INFO [RegistrationPage:88  ] : Click to Sign in
2021-19-06 20:57:28   INFO [RegistrationPage:103 ] : Input email - 2unamewepp-6426@yopmail.com
2021-19-06 20:57:28   INFO [RegistrationTests:56  ] : Clear cookies
2021-19-06 20:57:28   INFO [RegistrationTests:58  ] : Close browser
2021-21-07 19:54:52   INFO [RegistrationTests:44  ] : Open URL - http://automationpractice.com
2021-21-07 19:55:00   INFO [RegistrationPage:25  ] : Page was opened: http://automationpractice.com/index.php?controller=authentication&back=my-account
2021-21-07 19:55:11   INFO [RegistrationPage:90  ] : Click to Sign in
2021-21-07 19:55:12   INFO [RegistrationPage:105 ] : Input email:   2unamewepp-6426@yopmail.com
2021-21-07 19:55:12   INFO [RegistrationPage:119 ] : Click on Submit button
2021-21-07 19:55:19   INFO [RegistrationTests:69  ] : Choose title 'Mr'
2021-21-07 19:55:19   INFO [RegistrationTests:71  ] : Enter First Name
2021-21-07 19:55:19   INFO [RegistrationTests:73  ] : Enter Last Name
2021-21-07 19:55:19   INFO [RegistrationTests:76  ] : Input email
2021-21-07 19:55:19   INFO [RegistrationTests:78  ] : Input password
2021-21-07 19:55:19   INFO [RegistrationTests:80  ] : Choose 'Sign up for our newsletter!'
2021-21-07 19:55:20   INFO [RegistrationTests:82  ] : Choose 'Receive special offers from our partners!'
2021-21-07 19:55:20   INFO [RegistrationTests:84  ] : Enter First Name
2021-21-07 19:55:20   INFO [RegistrationTests:86  ] : Enter Last Name
2021-21-07 19:55:20   INFO [RegistrationTests:88  ] : Enter Street
2021-21-07 19:55:20   INFO [RegistrationTests:90  ] : Enter City
2021-21-07 19:55:20   INFO [RegistrationPage:130 ] : State '13' is selected
2021-21-07 19:55:20   INFO [RegistrationTests:93  ] : Input Post code
2021-21-07 19:55:20   INFO [RegistrationPage:140 ] : Country 21 is selected
2021-21-07 19:55:20   INFO [RegistrationTests:96  ] : Enter phone number
2021-21-07 19:55:20   INFO [RegistrationTests:98  ] : Enter alias
2021-21-07 19:55:28   INFO [RegistrationTests:100 ] : Click on Submit
2021-21-07 19:55:38   INFO [RegistrationTests:56  ] : Clear cookies
2021-21-07 19:55:38   INFO [RegistrationTests:58  ] : Close browser
2021-25-07 21:48:39   INFO [  Hamcrest:37  ] : Clear cookies
2021-25-07 21:52:59   INFO [RegistrationPage:25  ] : Page was opened: http://automationpractice.com/index.php?controller=authentication&back=my-account
2021-25-07 21:52:59  ERROR [RegistrationPage:81  ] : Opened page: http://automationpractice.com
2021-25-07 21:53:01   INFO [RegistrationPage:91  ] : Click to Sign in
2021-25-07 21:53:01   INFO [RegistrationPage:106 ] : Input email:   2unamewepp-6426@yopmail.com
2021-25-07 21:53:01   INFO [RegistrationPage:120 ] : Click on Submit button
2021-25-07 21:53:02   INFO [  Hamcrest:50  ] : Choose title 'Mr'
2021-25-07 21:53:02   INFO [  Hamcrest:52  ] : Enter First Name
2021-25-07 21:53:02   INFO [  Hamcrest:54  ] : Enter Last Name
2021-25-07 21:53:02   INFO [  Hamcrest:56  ] : Input password
2021-25-07 21:53:03   INFO [  Hamcrest:58  ] : Enter Street
2021-25-07 21:53:03   INFO [  Hamcrest:60  ] : Enter City
2021-25-07 21:53:03   INFO [  Hamcrest:62  ] : Input Post code
2021-25-07 21:53:03   INFO [  Hamcrest:64  ] : Enter phone number
2021-25-07 21:53:03   INFO [  Hamcrest:66  ] : Enter alias
2021-25-07 21:53:04   INFO [  Hamcrest:68  ] : Click on Register button
2021-25-07 21:53:04   INFO [  Hamcrest:39  ] : Clear cookies
2021-25-07 21:58:33   INFO [RegistrationPage:25  ] : Page was opened: http://automationpractice.com/index.php?controller=authentication&back=my-account
2021-25-07 21:58:33  ERROR [RegistrationPage:81  ] : Opened page: http://automationpractice.com
2021-25-07 21:58:34   INFO [RegistrationPage:91  ] : Click to Sign in
2021-25-07 21:58:34   INFO [RegistrationPage:106 ] : Input email:   2unamewepp-6426@yopmail.com
2021-25-07 21:58:34   INFO [RegistrationPage:120 ] : Click on Submit button
2021-25-07 21:58:35   INFO [  Hamcrest:50  ] : Choose title 'Mr'
2021-25-07 21:58:35   INFO [  Hamcrest:52  ] : Enter First Name
2021-25-07 21:58:36   INFO [  Hamcrest:54  ] : Enter Last Name
2021-25-07 21:58:36   INFO [  Hamcrest:56  ] : Input password
2021-25-07 21:58:36   INFO [  Hamcrest:58  ] : Enter Street
2021-25-07 21:58:36   INFO [  Hamcrest:60  ] : Enter City
2021-25-07 21:58:36   INFO [  Hamcrest:62  ] : Input Post code
2021-25-07 21:58:36   INFO [  Hamcrest:64  ] : Enter phone number
2021-25-07 21:58:36   INFO [  Hamcrest:67  ] : Enter alias
2021-25-07 21:58:37   INFO [  Hamcrest:69  ] : Click on Register button
2021-25-07 21:58:37   INFO [  Hamcrest:39  ] : Clear cookies
2021-25-07 22:05:36   INFO [RegistrationPage:25  ] : Page was opened: http://automationpractice.com/index.php?controller=authentication&back=my-account
2021-25-07 22:05:36  ERROR [RegistrationPage:81  ] : Opened page: http://automationpractice.com
2021-25-07 22:05:39   INFO [RegistrationPage:91  ] : Click to Sign in
2021-25-07 22:05:39   INFO [RegistrationPage:106 ] : Input email:   2unamewepp-6426@yopmail.com
2021-25-07 22:05:39   INFO [RegistrationPage:120 ] : Click on Submit button
2021-25-07 22:05:41   INFO [  Hamcrest:51  ] : Choose title 'Mr'
2021-25-07 22:05:41   INFO [  Hamcrest:53  ] : Enter First Name
2021-25-07 22:05:41   INFO [  Hamcrest:55  ] : Enter Last Name
2021-25-07 22:05:41   INFO [  Hamcrest:57  ] : Input password
2021-25-07 22:05:41   INFO [  Hamcrest:59  ] : Enter Street
2021-25-07 22:05:41   INFO [  Hamcrest:61  ] : Enter City
2021-25-07 22:05:41   INFO [  Hamcrest:63  ] : Input Post code
2021-25-07 22:05:41   INFO [  Hamcrest:65  ] : Enter phone number
2021-25-07 22:05:41   INFO [  Hamcrest:68  ] : Enter alias
2021-25-07 22:05:42   INFO [  Hamcrest:70  ] : Click on Register button
2021-25-07 22:05:42   INFO [  Hamcrest:40  ] : Clear cookies
2021-25-07 22:09:50   INFO [RegistrationPage:25  ] : Page was opened: http://automationpractice.com/index.php?controller=authentication&back=my-account
2021-25-07 22:09:50  ERROR [RegistrationPage:81  ] : Opened page: http://automationpractice.com
2021-25-07 22:09:52   INFO [RegistrationPage:91  ] : Click to Sign in
2021-25-07 22:09:52   INFO [RegistrationPage:106 ] : Input email:   2unamewepp-6426@yopmail.com
2021-25-07 22:09:52   INFO [RegistrationPage:120 ] : Click on Submit button
2021-25-07 22:09:54   INFO [  Hamcrest:55  ] : Choose title 'Mr'
2021-25-07 22:09:54   INFO [  Hamcrest:57  ] : Enter First Name
2021-25-07 22:09:54   INFO [  Hamcrest:59  ] : Enter Last Name
2021-25-07 22:09:54   INFO [  Hamcrest:61  ] : Input password
2021-25-07 22:09:54   INFO [  Hamcrest:63  ] : Enter Street
2021-25-07 22:09:54   INFO [  Hamcrest:65  ] : Enter City
2021-25-07 22:09:54   INFO [  Hamcrest:67  ] : Input Post code
2021-25-07 22:09:54   INFO [  Hamcrest:69  ] : Enter phone number
2021-25-07 22:09:55   INFO [  Hamcrest:72  ] : Enter alias
2021-25-07 22:09:57   INFO [  Hamcrest:74  ] : Click on Register button
2021-25-07 22:09:57   INFO [  Hamcrest:78  ] : First Alert text is: There is 1 error
2021-25-07 22:09:57   INFO [  Hamcrest:44  ] : Clear cookies
2021-25-07 22:10:24   INFO [RegistrationPage:25  ] : Page was opened: http://automationpractice.com/index.php?controller=authentication&back=my-account
2021-25-07 22:10:24  ERROR [RegistrationPage:81  ] : Opened page: http://automationpractice.com
2021-25-07 22:10:25   INFO [RegistrationPage:91  ] : Click to Sign in
2021-25-07 22:10:25   INFO [RegistrationPage:106 ] : Input email:   2unamewepp-6426@yopmail.com
2021-25-07 22:10:25   INFO [RegistrationPage:120 ] : Click on Submit button
2021-25-07 22:10:27   INFO [  Hamcrest:55  ] : Choose title 'Mr'
2021-25-07 22:10:27   INFO [  Hamcrest:57  ] : Enter First Name
2021-25-07 22:10:27   INFO [  Hamcrest:59  ] : Enter Last Name
2021-25-07 22:10:27   INFO [  Hamcrest:61  ] : Input password
2021-25-07 22:10:27   INFO [  Hamcrest:63  ] : Enter Street
2021-25-07 22:10:27   INFO [  Hamcrest:65  ] : Enter City
2021-25-07 22:10:28   INFO [  Hamcrest:67  ] : Input Post code
2021-25-07 22:10:28   INFO [  Hamcrest:69  ] : Enter phone number
2021-25-07 22:10:28   INFO [  Hamcrest:72  ] : Enter alias
2021-25-07 22:10:29   INFO [  Hamcrest:74  ] : Click on Register button
2021-25-07 22:10:29   INFO [  Hamcrest:44  ] : Clear cookies
2021-25-07 22:11:21   INFO [RegistrationPage:25  ] : Page was opened: http://automationpractice.com/index.php?controller=authentication&back=my-account
2021-25-07 22:11:21  ERROR [RegistrationPage:81  ] : Opened page: http://automationpractice.com
2021-25-07 22:11:22   INFO [RegistrationPage:91  ] : Click to Sign in
2021-25-07 22:11:22   INFO [RegistrationPage:106 ] : Input email:   2unamewepp-6426@yopmail.com
2021-25-07 22:11:22   INFO [RegistrationPage:120 ] : Click on Submit button
2021-25-07 22:11:24   INFO [  Hamcrest:55  ] : Choose title 'Mr'
2021-25-07 22:11:24   INFO [  Hamcrest:57  ] : Enter First Name
2021-25-07 22:11:24   INFO [  Hamcrest:59  ] : Enter Last Name
2021-25-07 22:11:24   INFO [  Hamcrest:61  ] : Input password
2021-25-07 22:11:24   INFO [  Hamcrest:63  ] : Enter Street
2021-25-07 22:11:24   INFO [  Hamcrest:65  ] : Enter City
2021-25-07 22:11:24   INFO [  Hamcrest:67  ] : Input Post code
2021-25-07 22:11:24   INFO [  Hamcrest:69  ] : Enter phone number
2021-25-07 22:11:24   INFO [  Hamcrest:72  ] : Enter alias
2021-25-07 22:11:26   INFO [  Hamcrest:74  ] : Click on Register button
2021-25-07 22:11:26   INFO [  Hamcrest:78  ] : First Alert text is: There is 1 error
2021-25-07 22:11:26   INFO [  Hamcrest:44  ] : Clear cookies
2021-25-07 22:11:26   INFO [  Hamcrest:46  ] : Close browser
2021-25-07 22:17:10   INFO [RegistrationPage:25  ] : Page was opened: http://automationpractice.com/index.php?controller=authentication&back=my-account
2021-25-07 22:17:10  ERROR [RegistrationPage:81  ] : Opened page: http://automationpractice.com
2021-25-07 22:17:13   INFO [RegistrationPage:91  ] : Click to Sign in
2021-25-07 22:17:13   INFO [RegistrationPage:106 ] : Input email:   2unamewepp-6426@yopmail.com
2021-25-07 22:17:13   INFO [RegistrationPage:120 ] : Click on Submit button
2021-25-07 22:17:15   INFO [  Hamcrest:55  ] : Choose title 'Mr'
2021-25-07 22:17:15   INFO [  Hamcrest:57  ] : Enter First Name
2021-25-07 22:17:15   INFO [  Hamcrest:59  ] : Enter Last Name
2021-25-07 22:17:15   INFO [  Hamcrest:61  ] : Input password
2021-25-07 22:17:15   INFO [  Hamcrest:63  ] : Enter Street
2021-25-07 22:17:15   INFO [  Hamcrest:65  ] : Enter City
2021-25-07 22:17:16   INFO [  Hamcrest:67  ] : Input Post code
2021-25-07 22:17:16   INFO [  Hamcrest:69  ] : Enter phone number
2021-25-07 22:17:16   INFO [  Hamcrest:72  ] : Enter alias
2021-25-07 22:17:17   INFO [  Hamcrest:74  ] : Click on Register button
2021-25-07 22:17:17   INFO [  Hamcrest:78  ] : Main alert text is: There is 1 error
2021-25-07 22:17:17   INFO [  Hamcrest:82  ] : First error text is: This country requires you to choose a State.
2021-25-07 22:17:17   INFO [  Hamcrest:44  ] : Clear cookies
2021-25-07 22:17:17   INFO [  Hamcrest:46  ] : Close browser
